0 info it worked if it ends with ok
1 verbose cli [ 'C:\\Program Files\\nodejs\\node.exe',
1 verbose cli   'C:\\Program Files\\nodejs\\node_modules\\npm\\bin\\npm-cli.js',
1 verbose cli   'install' ]
2 info using npm@2.15.1
3 info using node@v4.4.3
4 verbose readDependencies loading dependencies from C:\Users\Ranjini\Documents\XD-UserPairing\package.json
5 warn package.json xd-userpairing@0.1.0 No repository field.
6 warn package.json xd-userpairing@0.1.0 No license field.
7 verbose install where, deps [ 'C:\\Users\\Ranjini\\Documents\\XD-UserPairing',
7 verbose install   [ 'connect',
7 verbose install     'body-parser',
7 verbose install     'serve-static',
7 verbose install     'xdmvcserver',
7 verbose install     'bower',
7 verbose install     'grunt',
7 verbose install     'grunt-bower-install-task',
7 verbose install     'grunt-contrib-clean',
7 verbose install     'grunt-npm-install' ] ]
8 verbose install where, peers [ 'C:\\Users\\Ranjini\\Documents\\XD-UserPairing', [] ]
9 verbose installManyTop reading for lifecycle C:\Users\Ranjini\Documents\XD-UserPairing\package.json
10 info preinstall xd-userpairing@0.1.0
11 verbose installManyTop reading scoped package data from C:\Users\Ranjini\Documents\XD-UserPairing\node_modules\body-parser\package.json
12 verbose installManyTop reading scoped package data from C:\Users\Ranjini\Documents\XD-UserPairing\node_modules\bower\package.json
13 verbose installManyTop reading scoped package data from C:\Users\Ranjini\Documents\XD-UserPairing\node_modules\connect\package.json
14 verbose installManyTop reading scoped package data from C:\Users\Ranjini\Documents\XD-UserPairing\node_modules\grunt\package.json
15 verbose installManyTop reading scoped package data from C:\Users\Ranjini\Documents\XD-UserPairing\node_modules\grunt-bower-install-task\package.json
16 verbose installManyTop reading scoped package data from C:\Users\Ranjini\Documents\XD-UserPairing\node_modules\grunt-contrib-clean\package.json
17 verbose installManyTop reading scoped package data from C:\Users\Ranjini\Documents\XD-UserPairing\node_modules\grunt-npm-install\package.json
18 verbose installManyTop reading scoped package data from C:\Users\Ranjini\Documents\XD-UserPairing\node_modules\serve-static\package.json
19 verbose installManyTop reading scoped package data from C:\Users\Ranjini\Documents\XD-UserPairing\node_modules\xdmvcserver\package.json
20 info package.json grunt@0.4.5 No license field.
21 info package.json grunt-bower-install-task@0.0.4 No license field.
22 info package.json grunt-contrib-clean@0.6.0 No license field.
23 info package.json grunt-npm-install@0.2.0 No license field.
24 info package.json xdmvcserver@0.1.0 No repository field.
25 info package.json xdmvcserver@0.1.0 No license field.
26 verbose readDependencies loading dependencies from C:\Users\Ranjini\Documents\XD-UserPairing\package.json
27 verbose targetResolver reading package data from C:\Users\Ranjini\Documents\XD-UserPairing\node_modules\body-parser\package.json
28 verbose targetResolver reading package data from C:\Users\Ranjini\Documents\XD-UserPairing\node_modules\bower\package.json
29 verbose targetResolver reading package data from C:\Users\Ranjini\Documents\XD-UserPairing\node_modules\connect\package.json
30 verbose targetResolver reading package data from C:\Users\Ranjini\Documents\XD-UserPairing\node_modules\grunt\package.json
31 verbose targetResolver reading package data from C:\Users\Ranjini\Documents\XD-UserPairing\node_modules\grunt-bower-install-task\package.json
32 verbose targetResolver reading package data from C:\Users\Ranjini\Documents\XD-UserPairing\node_modules\grunt-contrib-clean\package.json
33 verbose targetResolver reading package data from C:\Users\Ranjini\Documents\XD-UserPairing\node_modules\grunt-npm-install\package.json
34 verbose targetResolver reading package data from C:\Users\Ranjini\Documents\XD-UserPairing\node_modules\serve-static\package.json
35 verbose targetResolver reading package data from C:\Users\Ranjini\Documents\XD-UserPairing\node_modules\xdmvcserver\package.json
36 verbose targetResolver reading package data from C:\Users\Ranjini\Documents\XD-UserPairing\node_modules\.bin\bower\package.json
37 verbose targetResolver reading package data from C:\Users\Ranjini\Documents\XD-UserPairing\node_modules\.bin\bower.cmd\package.json
38 verbose already installed skipping serve-static@>=1.7.1 C:\Users\Ranjini\Documents\XD-UserPairing
39 silly cache add args [ 'xdmvcserver@github:chithams/XD-UserPairing-Server', null ]
40 verbose cache add spec xdmvcserver@github:chithams/XD-UserPairing-Server
41 verbose already installed skipping bower@^1.3.12 C:\Users\Ranjini\Documents\XD-UserPairing
42 verbose already installed skipping grunt@^0.4.5 C:\Users\Ranjini\Documents\XD-UserPairing
43 verbose already installed skipping grunt-bower-install-task@0.0.4 C:\Users\Ranjini\Documents\XD-UserPairing
44 verbose already installed skipping grunt-contrib-clean@^0.6.0 C:\Users\Ranjini\Documents\XD-UserPairing
45 verbose already installed skipping grunt-npm-install@^0.2.0 C:\Users\Ranjini\Documents\XD-UserPairing
46 verbose already installed skipping connect@>=2.7.2 C:\Users\Ranjini\Documents\XD-UserPairing
47 verbose already installed skipping body-parser@>=1.9.2 C:\Users\Ranjini\Documents\XD-UserPairing
48 silly cache add parsed spec Result {
48 silly cache add   raw: 'xdmvcserver@github:chithams/XD-UserPairing-Server',
48 silly cache add   scope: null,
48 silly cache add   name: 'xdmvcserver',
48 silly cache add   rawSpec: 'github:chithams/XD-UserPairing-Server',
48 silly cache add   spec: 'github:chithams/XD-UserPairing-Server',
48 silly cache add   type: 'hosted',
48 silly cache add   hosted:
48 silly cache add    { type: 'github',
48 silly cache add      ssh: 'git@github.com:chithams/XD-UserPairing-Server.git',
48 silly cache add      sshUrl: 'git+ssh://git@github.com/chithams/XD-UserPairing-Server.git',
48 silly cache add      httpsUrl: 'git+https://github.com/chithams/XD-UserPairing-Server.git',
48 silly cache add      gitUrl: 'git://github.com/chithams/XD-UserPairing-Server.git',
48 silly cache add      shortcut: 'github:chithams/XD-UserPairing-Server',
48 silly cache add      directUrl: 'https://raw.githubusercontent.com/chithams/XD-UserPairing-Server/master/package.json' } }
49 verbose addRemoteGit caching github:chithams/XD-UserPairing-Server
50 verbose addRemoteGit chithams/XD-UserPairing-Server is a repository hosted by github
51 silly tryGitProto attempting to clone git://github.com/chithams/XD-UserPairing-Server.git
52 silly tryClone cloning chithams/XD-UserPairing-Server via git://github.com/chithams/XD-UserPairing-Server.git
53 verbose tryClone git-github-com-chithams-XD-UserPairing-Server-git-6572ae12 not in flight; caching
54 verbose correctMkdir C:\Users\Ranjini\AppData\Roaming\npm-cache\_git-remotes correctMkdir not in flight; initializing
55 info git [ 'clone',
55 info git   '--template=C:\\Users\\Ranjini\\AppData\\Roaming\\npm-cache\\_git-remotes\\_templates',
55 info git   '--mirror',
55 info git   'git://github.com/chithams/XD-UserPairing-Server.git',
55 info git   'C:\\Users\\Ranjini\\AppData\\Roaming\\npm-cache\\_git-remotes\\git-github-com-chithams-XD-UserPairing-Server-git-6572ae12' ]
56 verbose mirrorRemote chithams/XD-UserPairing-Server git clone git://github.com/chithams/XD-UserPairing-Server.git
57 verbose setPermissions chithams/XD-UserPairing-Server skipping chownr on Windows
58 verbose resolveHead chithams/XD-UserPairing-Server original treeish: master
59 info git [ 'rev-list', '-n1', 'master' ]
60 error git rev-list -n1 master: fatal: ambiguous argument 'master': unknown revision or path not in the working tree.
60 error git rev-list -n1 master: Use '--' to separate paths from revisions, like this:
60 error git rev-list -n1 master: 'git <command> [<revision>...] -- [<file>...]'
61 silly tryHTTPS attempting to clone git+https://github.com/chithams/XD-UserPairing-Server.git
62 silly tryClone cloning chithams/XD-UserPairing-Server via git+https://github.com/chithams/XD-UserPairing-Server.git
63 verbose tryClone https-github-com-chithams-XD-UserPairing-Server-git-89839b54 not in flight; caching
64 verbose correctMkdir C:\Users\Ranjini\AppData\Roaming\npm-cache\_git-remotes correctMkdir not in flight; initializing
65 info git [ 'clone',
65 info git   '--template=C:\\Users\\Ranjini\\AppData\\Roaming\\npm-cache\\_git-remotes\\_templates',
65 info git   '--mirror',
65 info git   'https://github.com/chithams/XD-UserPairing-Server.git',
65 info git   'C:\\Users\\Ranjini\\AppData\\Roaming\\npm-cache\\_git-remotes\\https-github-com-chithams-XD-UserPairing-Server-git-89839b54' ]
66 verbose mirrorRemote chithams/XD-UserPairing-Server git clone https://github.com/chithams/XD-UserPairing-Server.git
67 verbose setPermissions chithams/XD-UserPairing-Server skipping chownr on Windows
68 verbose resolveHead chithams/XD-UserPairing-Server original treeish: master
69 info git [ 'rev-list', '-n1', 'master' ]
70 error git rev-list -n1 master: fatal: ambiguous argument 'master': unknown revision or path not in the working tree.
70 error git rev-list -n1 master: Use '--' to separate paths from revisions, like this:
70 error git rev-list -n1 master: 'git <command> [<revision>...] -- [<file>...]'
71 silly trySSH attempting to clone git@github.com:chithams/XD-UserPairing-Server.git
72 silly tryClone cloning chithams/XD-UserPairing-Server via git@github.com:chithams/XD-UserPairing-Server.git
73 verbose tryClone git-github-com-chithams-XD-UserPairing-Server-git-7dcc1bf2 not in flight; caching
74 verbose correctMkdir C:\Users\Ranjini\AppData\Roaming\npm-cache\_git-remotes correctMkdir not in flight; initializing
75 info git [ 'clone',
75 info git   '--template=C:\\Users\\Ranjini\\AppData\\Roaming\\npm-cache\\_git-remotes\\_templates',
75 info git   '--mirror',
75 info git   'git@github.com:chithams/XD-UserPairing-Server.git',
75 info git   'C:\\Users\\Ranjini\\AppData\\Roaming\\npm-cache\\_git-remotes\\git-github-com-chithams-XD-UserPairing-Server-git-7dcc1bf2' ]
76 error git clone --template=C:\Users\Ranjini\AppData\Roaming\npm-cache\_git-remotes\_templates --mirror git@github.com:chithams/XD-UserPairing-Server.git C:\Users\Ranjini\AppData\Roaming\npm-cache\_git-remotes\git-github-com-chithams-XD-UserPairing-Server-git-7dcc1bf2: Cloning into bare repository 'C:\Users\Ranjini\AppData\Roaming\npm-cache\_git-remotes\git-github-com-chithams-XD-UserPairing-Server-git-7dcc1bf2'...
76 error git clone --template=C:\Users\Ranjini\AppData\Roaming\npm-cache\_git-remotes\_templates --mirror git@github.com:chithams/XD-UserPairing-Server.git C:\Users\Ranjini\AppData\Roaming\npm-cache\_git-remotes\git-github-com-chithams-XD-UserPairing-Server-git-7dcc1bf2: Warning: Permanently added 'github.com,192.30.253.113' (RSA) to the list of known hosts.
76 error git clone --template=C:\Users\Ranjini\AppData\Roaming\npm-cache\_git-remotes\_templates --mirror git@github.com:chithams/XD-UserPairing-Server.git C:\Users\Ranjini\AppData\Roaming\npm-cache\_git-remotes\git-github-com-chithams-XD-UserPairing-Server-git-7dcc1bf2: Permission denied (publickey).
76 error git clone --template=C:\Users\Ranjini\AppData\Roaming\npm-cache\_git-remotes\_templates --mirror git@github.com:chithams/XD-UserPairing-Server.git C:\Users\Ranjini\AppData\Roaming\npm-cache\_git-remotes\git-github-com-chithams-XD-UserPairing-Server-git-7dcc1bf2: fatal: Could not read from remote repository.
76 error git clone --template=C:\Users\Ranjini\AppData\Roaming\npm-cache\_git-remotes\_templates --mirror git@github.com:chithams/XD-UserPairing-Server.git C:\Users\Ranjini\AppData\Roaming\npm-cache\_git-remotes\git-github-com-chithams-XD-UserPairing-Server-git-7dcc1bf2:
76 error git clone --template=C:\Users\Ranjini\AppData\Roaming\npm-cache\_git-remotes\_templates --mirror git@github.com:chithams/XD-UserPairing-Server.git C:\Users\Ranjini\AppData\Roaming\npm-cache\_git-remotes\git-github-com-chithams-XD-UserPairing-Server-git-7dcc1bf2: Please make sure you have the correct access rights
76 error git clone --template=C:\Users\Ranjini\AppData\Roaming\npm-cache\_git-remotes\_templates --mirror git@github.com:chithams/XD-UserPairing-Server.git C:\Users\Ranjini\AppData\Roaming\npm-cache\_git-remotes\git-github-com-chithams-XD-UserPairing-Server-git-7dcc1bf2: and the repository exists.
77 verbose stack Error: Command failed: git -c core.longpaths=true clone --template=C:\Users\Ranjini\AppData\Roaming\npm-cache\_git-remotes\_templates --mirror git@github.com:chithams/XD-UserPairing-Server.git C:\Users\Ranjini\AppData\Roaming\npm-cache\_git-remotes\git-github-com-chithams-XD-UserPairing-Server-git-7dcc1bf2
77 verbose stack Cloning into bare repository 'C:\Users\Ranjini\AppData\Roaming\npm-cache\_git-remotes\git-github-com-chithams-XD-UserPairing-Server-git-7dcc1bf2'...
77 verbose stack Warning: Permanently added 'github.com,192.30.253.113' (RSA) to the list of known hosts.
77 verbose stack Permission denied (publickey).
77 verbose stack fatal: Could not read from remote repository.
77 verbose stack
77 verbose stack Please make sure you have the correct access rights
77 verbose stack and the repository exists.
77 verbose stack
77 verbose stack     at ChildProcess.exithandler (child_process.js:213:12)
77 verbose stack     at emitTwo (events.js:87:13)
77 verbose stack     at ChildProcess.emit (events.js:172:7)
77 verbose stack     at maybeClose (internal/child_process.js:827:16)
77 verbose stack     at Process.ChildProcess._handle.onexit (internal/child_process.js:211:5)
78 verbose cwd C:\Users\Ranjini\Documents\XD-UserPairing
79 error Windows_NT 6.1.7601
80 error argv "C:\\Program Files\\nodejs\\node.exe" "C:\\Program Files\\nodejs\\node_modules\\npm\\bin\\npm-cli.js" "install"
81 error node v4.4.3
82 error npm  v2.15.1
83 error code 128
84 error Command failed: git -c core.longpaths=true clone --template=C:\Users\Ranjini\AppData\Roaming\npm-cache\_git-remotes\_templates --mirror git@github.com:chithams/XD-UserPairing-Server.git C:\Users\Ranjini\AppData\Roaming\npm-cache\_git-remotes\git-github-com-chithams-XD-UserPairing-Server-git-7dcc1bf2
84 error Cloning into bare repository 'C:\Users\Ranjini\AppData\Roaming\npm-cache\_git-remotes\git-github-com-chithams-XD-UserPairing-Server-git-7dcc1bf2'...
84 error Warning: Permanently added 'github.com,192.30.253.113' (RSA) to the list of known hosts.
84 error Permission denied (publickey).
84 error fatal: Could not read from remote repository.
84 error
84 error Please make sure you have the correct access rights
84 error and the repository exists.
85 error If you need help, you may report this error at:
85 error     <https://github.com/npm/npm/issues>
86 verbose exit [ 1, true ]
